

Version:	3.9
CmdLine:	C:\NgnProject\dist\Ngn.exe --l4j-debug
WOW64:		yes
Working dir:	C:\NgnProject\dist\.
Bundled JRE:	.\jre
Check launcher:	C:\NgnProject\dist\.\jre\bin\javaw.exe (not found)
Error msg:	This application was configured to use a bundled Java Runtime Environment but the runtime is missing or corrupted.


Version:	3.9
CmdLine:	C:\NgnProject\dist\Ngn.exe --l4j-debug
WOW64:		yes
Working dir:	C:\NgnProject\dist\.
Bundled JRE:	.\jre1.8.0_121
Check launcher:	C:\NgnProject\dist\.\jre1.8.0_121\bin\javaw.exe (OK)
Launcher:	C:\NgnProject\dist\.\jre1.8.0_121\bin\javaw.exe
Launcher args:	-jar "C:\NgnProject\dist\Ngn.exe"
Args length:	33/32768 chars
Exit code:	0


Version:	3.9
CmdLine:	C:\NgnProject\dist\Ngn.exe --l4j-debug
WOW64:		yes
Working dir:	C:\NgnProject\dist\.
Bundled JRE:	.\jre1.8.0_121
Check launcher:	C:\NgnProject\dist\.\jre1.8.0_121\bin\javaw.exe (OK)
Launcher:	C:\NgnProject\dist\.\jre1.8.0_121\bin\javaw.exe
Launcher args:	-jar "C:\NgnProject\dist\Ngn.exe"
Args length:	33/32768 chars
Exit code:	0


Version:	3.9
CmdLine:	C:\NgnProject\dist\Ngn.exe --l4j-debug
WOW64:		yes
Working dir:	C:\NgnProject\dist\.
Bundled JRE:	.\jre1.8.0_121
Check launcher:	C:\NgnProject\dist\.\jre1.8.0_121\bin\javaw.exe (OK)
Launcher:	C:\NgnProject\dist\.\jre1.8.0_121\bin\javaw.exe
Launcher args:	-jar "C:\NgnProject\dist\Ngn.exe"
Args length:	33/32768 chars
Exit code:	0
